<?xml version="1.0" encoding="UTF-8"?>
<!-- Generated by org.testng.reporters.JUnitReportReporter -->
<testsuite skipped="3" hostname="DESKTOP-IES4C7J" name="Tests" tests="19" failures="2" timestamp="2018-11-21T11:01:00 MSK" time="0.031" errors="0">
  <testcase name="wdateTestStringNegative" time="0.000" classname="Tests"/>
  <testcase name="wdateTestNegative" time="0.001" classname="Tests"/>
  <testcase name="wdateTestString" time="0.005" classname="Tests"/>
  <testcase name="wdateTestString" time="0.005" classname="Tests">
    <failure type="java.lang.AssertionError" message="Неверный формат даты!!!">
      <![CDATA[java.lang.AssertionError: Неверный формат даты!!!
at org.testng.Assert.fail(Assert.java:97)
at Tests.wdateTestString(Tests.java:64)
at sun.reflect.NativeMethodAccessorImpl.invoke0(Native Method)
at sun.reflect.NativeMethodAccessorImpl.invoke(NativeMethodAccessorImpl.java:62)
at sun.reflect.DelegatingMethodAccessorImpl.invoke(DelegatingMethodAccessorImpl.java:43)
at java.lang.reflect.Method.invoke(Method.java:498)
at org.testng.internal.MethodInvocationHelper.invokeMethod(MethodInvocationHelper.java:131)
at org.testng.internal.Invoker.invokeMethod(Invoker.java:658)
at org.testng.internal.Invoker.invokeTestMethod(Invoker.java:792)
at org.testng.internal.TestMethodWithDataProviderMethodWorker.call(TestMethodWithDataProviderMethodWorker.java:77)
at org.testng.internal.TestMethodWithDataProviderMethodWorker.call(TestMethodWithDataProviderMethodWorker.java:14)
at java.util.concurrent.FutureTask.run(FutureTask.java:266)
at java.util.concurrent.Executors$RunnableAdapter.call(Executors.java:511)
at java.util.concurrent.FutureTask.run(FutureTask.java:266)
at java.util.concurrent.ThreadPoolExecutor.runWorker(ThreadPoolExecutor.java:1149)
at java.util.concurrent.ThreadPoolExecutor$Worker.run(ThreadPoolExecutor.java:624)
at java.lang.Thread.run(Thread.java:748)
]]>
    </failure>
  </testcase> <!-- wdateTestString -->
  <testcase name="wdateTestString" time="0.002" classname="Tests"/>
  <testcase name="wdateTestString" time="0.004" classname="Tests"/>
  <testcase name="wdateTestString" time="0.004" classname="Tests"/>
  <testcase name="wdateTestNegative" time="0.001" classname="Tests"/>
  <testcase name="wdateTest" time="0.001" classname="Tests"/>
  <testcase name="wdateTestNegative" time="0.001" classname="Tests"/>
  <testcase name="wdateTestStringNegative" time="0.000" classname="Tests"/>
  <testcase name="wdateTest" time="0.005" classname="Tests"/>
  <testcase name="wdateTest" time="0.000" classname="Tests"/>
  <testcase name="wdateTestStringNegative" time="0.001" classname="Tests"/>
  <testcase name="wdateTest" time="0.000" classname="Tests"/>
  <testcase name="wdateTestStringNegative" time="0.001" classname="Tests">
    <failure type="java.lang.AssertionError" message="Неверный формат даты!!!">
      <![CDATA[java.lang.AssertionError: Неверный формат даты!!!
at org.testng.Assert.fail(Assert.java:97)
at Tests.wdateTestStringNegative(Tests.java:76)
at sun.reflect.NativeMethodAccessorImpl.invoke0(Native Method)
at sun.reflect.NativeMethodAccessorImpl.invoke(NativeMethodAccessorImpl.java:62)
at sun.reflect.DelegatingMethodAccessorImpl.invoke(DelegatingMethodAccessorImpl.java:43)
at java.lang.reflect.Method.invoke(Method.java:498)
at org.testng.internal.MethodInvocationHelper.invokeMethod(MethodInvocationHelper.java:131)
at org.testng.internal.Invoker.invokeMethod(Invoker.java:658)
at org.testng.internal.Invoker.invokeTestMethod(Invoker.java:792)
at org.testng.internal.TestMethodWithDataProviderMethodWorker.call(TestMethodWithDataProviderMethodWorker.java:77)
at org.testng.internal.TestMethodWithDataProviderMethodWorker.call(TestMethodWithDataProviderMethodWorker.java:14)
at java.util.concurrent.FutureTask.run(FutureTask.java:266)
at java.util.concurrent.Executors$RunnableAdapter.call(Executors.java:511)
at java.util.concurrent.FutureTask.run(FutureTask.java:266)
at java.util.concurrent.ThreadPoolExecutor.runWorker(ThreadPoolExecutor.java:1149)
at java.util.concurrent.ThreadPoolExecutor$Worker.run(ThreadPoolExecutor.java:624)
at java.lang.Thread.run(Thread.java:748)
]]>
    </failure>
  </testcase> <!-- wdateTestStringNegative -->
  <testcase name="sumTestNegative1" classname="Tests">
    <skipped/>
  </testcase> <!-- sumTestNegative1 -->
  <testcase name="sumTestNegative" classname="Tests">
    <skipped/>
  </testcase> <!-- sumTestNegative -->
  <testcase name="sumTest" classname="Tests">
    <skipped/>
  </testcase> <!-- sumTest -->
</testsuite> <!-- Tests -->
